c:\users\charl\source\repos\calculator\project3\debug\vc142.pdb
c:\users\charl\source\repos\calculator\project3\debug\.netframework,version=v4.7.2.assemblyattributes.obj
c:\users\charl\source\repos\calculator\project3\debug\.netframework,version=v4.7.2.assemblyattributes.asm
c:\users\charl\source\repos\calculator\project3\debug\myform.obj
c:\users\charl\source\repos\calculator\debug\project3.exe
c:\users\charl\source\repos\calculator\debug\project3.pdb
c:\users\charl\source\repos\calculator\project3\debug\project3.myform.resources
c:\users\charl\source\repos\calculator\project3\debug\project3.vcxproj.generateresource.cache
c:\users\charl\source\repos\calculator\project3\debug\project3.vcxprojassemblyreference.cache
c:\users\charl\source\repos\calculator\project3\debug\project3.tlog\cl.command.1.tlog
c:\users\charl\source\repos\calculator\project3\debug\project3.tlog\cl.read.1.tlog
c:\users\charl\source\repos\calculator\project3\debug\project3.tlog\cl.write.1.tlog
c:\users\charl\source\repos\calculator\project3\debug\project3.tlog\link.10128.delete.1.tlog
c:\users\charl\source\repos\calculator\project3\debug\project3.tlog\link.10620.delete.1.tlog
c:\users\charl\source\repos\calculator\project3\debug\project3.tlog\link.10836.delete.1.tlog
c:\users\charl\source\repos\calculator\project3\debug\project3.tlog\link.11396.delete.1.tlog
c:\users\charl\source\repos\calculator\project3\debug\project3.tlog\link.1580.delete.1.tlog
c:\users\charl\source\repos\calculator\project3\debug\project3.tlog\link.2064.delete.1.tlog
c:\users\charl\source\repos\calculator\project3\debug\project3.tlog\link.4940.delete.1.tlog
c:\users\charl\source\repos\calculator\project3\debug\project3.tlog\link.7100.delete.1.tlog
c:\users\charl\source\repos\calculator\project3\debug\project3.tlog\link.7708.delete.1.tlog
c:\users\charl\source\repos\calculator\project3\debug\project3.tlog\link.8492.delete.1.tlog
c:\users\charl\source\repos\calculator\project3\debug\project3.tlog\link.8896.delete.1.tlog
c:\users\charl\source\repos\calculator\project3\debug\project3.tlog\link.9416.delete.1.tlog
c:\users\charl\source\repos\calculator\project3\debug\project3.tlog\link.command.1.tlog
c:\users\charl\source\repos\calculator\project3\debug\project3.tlog\link.read.1.tlog
c:\users\charl\source\repos\calculator\project3\debug\project3.tlog\link.write.1.tlog
c:\users\charl\source\repos\calculator\project3\debug\project3.tlog\metagen.read.1.tlog
c:\users\charl\source\repos\calculator\project3\debug\project3.tlog\metagen.write.1.tlog
c:\users\charl\source\repos\calculator\project3\debug\project3.tlog\project3.write.1u.tlog
